c:\users\fart\downloads\external discord overlay with imgui\external discord overlay with imgui\x64\debug\vc143.pdb
c:\users\fart\downloads\external discord overlay with imgui\external discord overlay with imgui\x64\debug\vc143.idb
c:\users\fart\downloads\external discord overlay with imgui\external discord overlay with imgui\x64\debug\imgui_widgets.obj
c:\users\fart\downloads\external discord overlay with imgui\external discord overlay with imgui\x64\debug\imgui_tables.obj
c:\users\fart\downloads\external discord overlay with imgui\external discord overlay with imgui\x64\debug\imgui_impl_win32.obj
c:\users\fart\downloads\external discord overlay with imgui\external discord overlay with imgui\x64\debug\imgui_impl_dx11.obj
c:\users\fart\downloads\external discord overlay with imgui\external discord overlay with imgui\x64\debug\imgui_draw.obj
c:\users\fart\downloads\external discord overlay with imgui\external discord overlay with imgui\x64\debug\imgui_demo.obj
c:\users\fart\downloads\external discord overlay with imgui\external discord overlay with imgui\x64\debug\imgui.obj
c:\users\fart\downloads\external discord overlay with imgui\external discord overlay with imgui\x64\debug\main.obj
c:\users\fart\downloads\external discord overlay with imgui\x64\debug\external discord overlay with imgui.exe
c:\users\fart\downloads\external discord overlay with imgui\x64\debug\external discord overlay with imgui.pdb
c:\users\fart\downloads\external discord overlay with imgui\external discord overlay with imgui\x64\debug\external discord overlay with imgui.ilk
c:\users\fart\downloads\external discord overlay with imgui\external discord overlay with imgui\x64\debug\external.19a435db.tlog\cl.command.1.tlog
c:\users\fart\downloads\external discord overlay with imgui\external discord overlay with imgui\x64\debug\external.19a435db.tlog\cl.items.tlog
c:\users\fart\downloads\external discord overlay with imgui\external discord overlay with imgui\x64\debug\external.19a435db.tlog\cl.read.1.tlog
c:\users\fart\downloads\external discord overlay with imgui\external discord overlay with imgui\x64\debug\external.19a435db.tlog\cl.write.1.tlog
c:\users\fart\downloads\external discord overlay with imgui\external discord overlay with imgui\x64\debug\external.19a435db.tlog\link.command.1.tlog
c:\users\fart\downloads\external discord overlay with imgui\external discord overlay with imgui\x64\debug\external.19a435db.tlog\link.read.1.tlog
c:\users\fart\downloads\external discord overlay with imgui\external discord overlay with imgui\x64\debug\external.19a435db.tlog\link.secondary.1.tlog
c:\users\fart\downloads\external discord overlay with imgui\external discord overlay with imgui\x64\debug\external.19a435db.tlog\link.write.1.tlog
